[00:36:21] [main/INFO] (FabricLoader/GameProvider) Loading Minecraft 1.21 with Fabric Loader 0.16.0
[00:36:22] [main/INFO] (FabricLoader) Loading 65 mods:
	- betterf3 11.0.1
	- cloth-config 15.0.128
	   \-- cloth-basic-math 0.6.1
	- dynamic_fps 3.6.1
	   \-- net_lostluma_battery 1.1.0
	- fabric-api 0.100.7+1.21
	- fabric-api-base 0.4.42+6573ed8cd1
	- fabric-api-lookup-api-v1 1.6.67+b5597344d1
	- fabric-biome-api-v1 13.0.29+5bd9f1bcd1
	- fabric-block-api-v1 1.0.22+0af3f5a7d1
	- fabric-block-view-api-v2 1.0.10+6573ed8cd1
	- fabric-blockrenderlayer-v1 1.1.52+0af3f5a7d1
	- fabric-client-tags-api-v1 1.1.15+6573ed8cd1
	- fabric-command-api-v1 1.2.49+f71b366fd1
	- fabric-command-api-v2 2.2.28+6ced4dd9d1
	- fabric-commands-v0 0.2.66+df3654b3d1
	- fabric-content-registries-v0 8.0.15+b5597344d1
	- fabric-convention-tags-v1 2.0.18+7f945d5bd1
	- fabric-convention-tags-v2 2.4.2+c111832ad1
	- fabric-crash-report-info-v1 0.2.29+0af3f5a7d1
	- fabric-data-attachment-api-v1 1.1.25+6a6dfa19d1
	- fabric-data-generation-api-v1 20.2.12+16c4ae25d1
	- fabric-dimensions-v1 4.0.0+6fc22b99d1
	- fabric-entity-events-v1 1.6.12+6fc22b99d1
	- fabric-events-interaction-v0 0.7.10+e633f883d1
	- fabric-game-rule-api-v1 1.0.53+6ced4dd9d1
	- fabric-gametest-api-v1 2.0.3+6fc22b99d1
	- fabric-item-api-v1 11.0.0+afdfc921d1
	- fabric-item-group-api-v1 4.1.3+78017270d1
	- fabric-key-binding-api-v1 1.0.47+0af3f5a7d1
	- fabric-keybindings-v0 0.2.45+df3654b3d1
	- fabric-lifecycle-events-v1 2.3.11+8f3583aed1
	- fabric-loot-api-v2 3.0.13+3f89f5a5d1
	- fabric-loot-api-v3 1.0.1+3f89f5a5d1
	- fabric-message-api-v1 6.0.13+6573ed8cd1
	- fabric-model-loading-api-v1 2.0.0+fe474d6bd1
	- fabric-networking-api-v1 4.2.0+ab7edbacd1
	- fabric-object-builder-api-v1 15.1.13+d1321076d1
	- fabric-particles-v1 4.0.2+6573ed8cd1
	- fabric-recipe-api-v1 5.0.10+65089712d1
	- fabric-registry-sync-v0 5.0.25+5bd9f1bcd1
	- fabric-renderer-api-v1 3.3.0+0ae0b97dd1
	- fabric-renderer-indigo 1.6.5+48fb1586d1
	- fabric-renderer-registries-v1 3.2.68+df3654b3d1
	- fabric-rendering-data-attachment-v1 0.3.48+73761d2ed1
	- fabric-rendering-fluids-v1 3.1.6+b5597344d1
	- fabric-rendering-v0 1.1.71+df3654b3d1
	- fabric-rendering-v1 5.0.5+df16efd0d1
	- fabric-resource-conditions-api-v1 4.2.1+d153f344d1
	- fabric-resource-loader-v0 1.2.0+7e687b32d1
	- fabric-screen-api-v1 2.0.24+b5597344d1
	- fabric-screen-handler-api-v1 1.3.82+b5597344d1
	- fabric-sound-api-v1 1.0.23+6573ed8cd1
	- fabric-transfer-api-v1 5.1.15+3dccd343d1
	- fabric-transitive-access-wideners-v1 6.0.12+6573ed8cd1
	- fabricloader 0.16.0
	- funmultiplayerideas 1.0
	- indium 1.0.34+mc1.21
	- java 21
	- lithium 0.12.7
	- minecraft 1.21
	- mixinextras 0.4.0
	- modmenu 11.0.1
	- placeholder-api 2.4.1+1.21
	- sodium 0.5.11+mc1.21
[00:36:24] [main/INFO] (FabricLoader/Mixin) SpongePowered MIXIN Subsystem Version=0.8.7 Source=file:/C:/Users/medat/.gradle/caches/modules-2/files-2.1/net.fabricmc/sponge-mixin/0.15.0+mixin.0.8.7/2ce1c5d57a061f3e259ec30b8b0cb2dc889c5156/sponge-mixin-0.15.0+mixin.0.8.7.jar Service=Knot/Fabric Env=CLIENT
[00:36:24] [main/INFO] (FabricLoader/Mixin) Loaded Fabric development mappings for mixin remapper!
[00:36:24] [main/INFO] (FabricLoader/Mixin) Compatibility level set to JAVA_17
[00:36:24] [main/INFO] (FabricLoader/Mixin) Compatibility level set to JAVA_21
[00:36:25] [main/INFO] (Sodium) Loaded configuration file for Sodium: 42 options available, 0 override(s) found
[00:36:25] [main/INFO] (Lithium) Loaded configuration file for Lithium: 138 options available, 0 override(s) found
[00:36:25] [main/INFO] (Sodium-GraphicsAdapterProbe) Searching for graphics cards...
[00:36:26] [main/INFO] (Sodium-GraphicsAdapterProbe) Found graphics adapter: AdapterInfo{vendor=NVIDIA, description='NVIDIA GeForce RTX 4070', adapterType=0x0000031B, openglIcdFilePath='C:\windows\System32\DriverStore\FileRepository\nv_dispi.inf_amd64_5714f0dca6485379\nvoglv64.dll', openglIcdVersion=32.0.15.5612}
[00:36:26] [main/WARN] (Sodium-Workarounds) Sodium has applied one or more workarounds to prevent crashes or other issues on your system: [NVIDIA_THREADED_OPTIMIZATIONS]
[00:36:26] [main/WARN] (Sodium-Workarounds) This is not necessarily an issue, but it may result in certain features or optimizations being disabled. You can sometimes fix these issues by upgrading your graphics driver.
[00:36:26] [main/INFO] (FabricLoader/MixinExtras|Service) Initializing MixinExtras via com.llamalad7.mixinextras.service.MixinExtrasServiceImpl(version=0.4.0).
[00:36:27] [Datafixer Bootstrap/INFO] (Minecraft) 226 Datafixer optimizations took 233 milliseconds
[00:36:32] [Render thread/INFO] (Minecraft) Environment: Environment[sessionHost=https://sessionserver.mojang.com, servicesHost=https://api.minecraftservices.com, name=PROD]
[00:36:32] [Render thread/INFO] (Minecraft) Setting user: Player73
[00:36:32] [Render thread/INFO] (Mod Menu/Update Checker) Checking mod updates...
[00:36:32] [Render thread/WARN] (dynamic_fps) Dynamic FPS config missing or corrupted! Using defaults.
[00:36:32] [Render thread/INFO] (dynamic_fps) Dynamic FPS 3.6.1 active on Fabric!
[00:36:33] [Render thread/INFO] (betterf3) [BetterF3] Loading...
[00:36:33] [Render thread/INFO] (betterf3) [BetterF3] All done!
[00:36:33] [Render thread/INFO] (Indigo) [Indigo] Different rendering plugin detected; not applying Indigo.
[00:36:33] [Render thread/INFO] (Minecraft) Backend library: LWJGL version 3.3.3-snapshot
[00:36:33] [Render thread/WARN] (Sodium-NvidiaWorkarounds) Applying workaround: Prevent the NVIDIA OpenGL driver from using broken optimizations (NVIDIA_THREADED_OPTIMIZATIONS)
[00:36:34] [Render thread/INFO] (Minecraft) Reloading ResourceManager: vanilla, fabric, betterf3, cloth-config, dynamic_fps, fabric-api, fabric-api-base, fabric-api-lookup-api-v1, fabric-biome-api-v1, fabric-block-api-v1, fabric-block-view-api-v2, fabric-blockrenderlayer-v1, fabric-client-tags-api-v1, fabric-command-api-v1, fabric-command-api-v2, fabric-commands-v0, fabric-content-registries-v0, fabric-convention-tags-v1, fabric-convention-tags-v2, fabric-crash-report-info-v1, fabric-data-attachment-api-v1, fabric-data-generation-api-v1, fabric-dimensions-v1, fabric-entity-events-v1, fabric-events-interaction-v0, fabric-game-rule-api-v1, fabric-gametest-api-v1, fabric-item-api-v1, fabric-item-group-api-v1, fabric-key-binding-api-v1, fabric-keybindings-v0, fabric-lifecycle-events-v1, fabric-loot-api-v2, fabric-loot-api-v3, fabric-message-api-v1, fabric-model-loading-api-v1, fabric-networking-api-v1, fabric-object-builder-api-v1, fabric-particles-v1, fabric-recipe-api-v1, fabric-registry-sync-v0, fabric-renderer-api-v1, fabric-renderer-indigo, fabric-renderer-registries-v1, fabric-rendering-data-attachment-v1, fabric-rendering-fluids-v1, fabric-rendering-v0, fabric-rendering-v1, fabric-resource-conditions-api-v1, fabric-resource-loader-v0, fabric-screen-api-v1, fabric-screen-handler-api-v1, fabric-sound-api-v1, fabric-transfer-api-v1, fabric-transitive-access-wideners-v1, fabricloader, funmultiplayerideas, indium, lithium, modmenu, placeholder-api, sodium
[00:36:34] [Worker-Main-13/INFO] (Minecraft) Found unifont_all_no_pua-15.1.05.hex, loading
[00:36:34] [Worker-Main-3/INFO] (Minecraft) Found unifont_jp_patch-15.1.05.hex, loading
[00:36:35] [Render thread/WARN] (Minecraft) Missing sound for event: minecraft:item.goat_horn.play
[00:36:35] [Render thread/WARN] (Minecraft) Missing sound for event: minecraft:entity.goat.screaming.horn_break
[00:36:35] [Render thread/INFO] (Minecraft) OpenAL initialized on device OpenAL Soft on Headset Earphone (Poly Blackwire 3325 Series)
[00:36:35] [Render thread/INFO] (Minecraft) Sound engine started
[00:36:35] [Render thread/INFO] (Minecraft) Created: 1024x512x4 minecraft:textures/atlas/blocks.png-atlas
[00:36:35] [Render thread/INFO] (Minecraft) Created: 256x256x4 minecraft:textures/atlas/signs.png-atlas
[00:36:35] [Render thread/INFO] (Minecraft) Created: 512x512x4 minecraft:textures/atlas/shield_patterns.png-atlas
[00:36:35] [Render thread/INFO] (Minecraft) Created: 512x512x4 minecraft:textures/atlas/banner_patterns.png-atlas
[00:36:35] [Render thread/INFO] (Minecraft) Created: 1024x1024x4 minecraft:textures/atlas/armor_trims.png-atlas
[00:36:35] [Render thread/INFO] (Minecraft) Created: 256x256x4 minecraft:textures/atlas/chest.png-atlas
[00:36:35] [Render thread/INFO] (Minecraft) Created: 128x64x4 minecraft:textures/atlas/decorated_pot.png-atlas
[00:36:35] [Render thread/INFO] (Minecraft) Created: 512x256x4 minecraft:textures/atlas/beds.png-atlas
[00:36:35] [Render thread/INFO] (Minecraft) Created: 512x256x4 minecraft:textures/atlas/shulker_boxes.png-atlas
[00:36:35] [Render thread/INFO] (Minecraft) Created: 512x256x0 minecraft:textures/atlas/particles.png-atlas
[00:36:35] [Render thread/INFO] (Minecraft) Created: 512x256x0 minecraft:textures/atlas/paintings.png-atlas
[00:36:35] [Render thread/INFO] (Minecraft) Created: 256x128x0 minecraft:textures/atlas/mob_effects.png-atlas
[00:36:35] [Render thread/INFO] (Minecraft) Created: 64x64x0 minecraft:textures/atlas/map_decorations.png-atlas
[00:36:35] [Render thread/INFO] (Minecraft) Created: 1024x512x0 minecraft:textures/atlas/gui.png-atlas
[00:36:35] [Render thread/WARN] (Minecraft) Shader rendertype_entity_translucent_emissive could not find sampler named Sampler2 in the specified shader program.
[00:36:39] [Render thread/WARN] (Mod Menu | FabricMod) Warning! Mod funmultiplayerideas has a broken icon, loading default icon
[00:36:48] [Render thread/INFO] (dynamic_fps) State changed from FOCUSED to UNFOCUSED.
[00:36:55] [Render thread/INFO] (dynamic_fps) State changed from UNFOCUSED to FOCUSED.
[00:37:07] [Render thread/INFO] (Minecraft) Loaded 1290 recipes
[00:37:07] [Render thread/INFO] (Minecraft) Loaded 1399 advancements
[00:37:10] [Render thread/INFO] (BiomeModificationImpl) Applied 0 biome modifications to 0 of 64 new biomes in 1.139 ms
[00:37:10] [Server thread/INFO] (Minecraft) Starting integrated minecraft server version 1.21
[00:37:10] [Server thread/INFO] (Minecraft) Generating keypair
[00:37:12] [Server thread/INFO] (Minecraft) Preparing start region for dimension minecraft:overworld
[00:37:12] [Render thread/INFO] (Minecraft) Preparing spawn area: 2%
[00:37:13] [Render thread/INFO] (Minecraft) Preparing spawn area: 2%
[00:37:13] [Render thread/INFO] (dynamic_fps) State changed from FOCUSED to UNFOCUSED.
[00:37:13] [Render thread/INFO] (Minecraft) Preparing spawn area: 18%
[00:37:14] [Render thread/INFO] (Minecraft) Preparing spawn area: 51%
[00:37:14] [Render thread/INFO] (Minecraft) Time elapsed: 1802 ms
[00:37:14] [Server thread/INFO] (Minecraft) Changing view distance to 12, from 10
[00:37:14] [Server thread/INFO] (Minecraft) Changing simulation distance to 12, from 0
[00:37:15] [Server thread/INFO] (Minecraft) Player73[local:E:1f982ef6] logged in with entity id 25 at (8.5, 85.0, 3.5)
[00:37:15] [Server thread/INFO] (Minecraft) Player73 joined the game
[00:37:16] [Render thread/INFO] (ChunkBuilder) Started 10 worker threads
[00:37:16] [Render thread/INFO] (Minecraft) Loaded 2 advancements
[00:37:18] [Server thread/INFO] (Minecraft) Saving and pausing game...
[00:37:19] [Server thread/INFO] (Minecraft) Saving chunks for level 'ServerLevel[New World]'/minecraft:overworld
[00:37:19] [Server thread/INFO] (Minecraft) Saving chunks for level 'ServerLevel[New World]'/minecraft:the_nether
[00:37:19] [Server thread/INFO] (Minecraft) Saving chunks for level 'ServerLevel[New World]'/minecraft:the_end
[00:37:22] [Render thread/INFO] (dynamic_fps) State changed from UNFOCUSED to HOVERED.
[00:37:24] [Render thread/INFO] (dynamic_fps) State changed from HOVERED to FOCUSED.
[00:37:29] [Server thread/INFO] (Minecraft) Saving and pausing game...
[00:37:29] [Server thread/INFO] (Minecraft) Saving chunks for level 'ServerLevel[New World]'/minecraft:overworld
[00:37:29] [Server thread/INFO] (Minecraft) Saving chunks for level 'ServerLevel[New World]'/minecraft:the_nether
[00:37:29] [Server thread/INFO] (Minecraft) Saving chunks for level 'ServerLevel[New World]'/minecraft:the_end
[00:37:42] [Server thread/INFO] (Minecraft) Saving and pausing game...
[00:37:42] [Server thread/INFO] (Minecraft) Saving chunks for level 'ServerLevel[New World]'/minecraft:overworld
[00:37:42] [Server thread/INFO] (Minecraft) Saving chunks for level 'ServerLevel[New World]'/minecraft:the_nether
[00:37:42] [Server thread/INFO] (Minecraft) Saving chunks for level 'ServerLevel[New World]'/minecraft:the_end
[00:37:44] [Server thread/INFO] (Minecraft) Player73 lost connection: Disconnected
[00:37:44] [Server thread/INFO] (Minecraft) Player73 left the game
[00:37:44] [Server thread/INFO] (Minecraft) Stopping singleplayer server as player logged out
[00:37:44] [Server thread/INFO] (Minecraft) Stopping server
[00:37:44] [Server thread/INFO] (Minecraft) Saving players
[00:37:44] [Server thread/INFO] (Minecraft) Saving worlds
[00:37:44] [Server thread/INFO] (Minecraft) Saving chunks for level 'ServerLevel[New World]'/minecraft:overworld
[00:37:44] [Server thread/INFO] (Minecraft) Saving chunks for level 'ServerLevel[New World]'/minecraft:the_nether
[00:37:44] [Server thread/INFO] (Minecraft) Saving chunks for level 'ServerLevel[New World]'/minecraft:the_end
[00:37:44] [Server thread/INFO] (Minecraft) ThreadedAnvilChunkStorage (New World): All chunks are saved
[00:37:44] [Server thread/INFO] (Minecraft) ThreadedAnvilChunkStorage (DIM-1): All chunks are saved
[00:37:44] [Server thread/INFO] (Minecraft) ThreadedAnvilChunkStorage (DIM1): All chunks are saved
[00:37:44] [Server thread/INFO] (Minecraft) ThreadedAnvilChunkStorage: All dimensions are saved
[00:37:45] [Render thread/INFO] (ChunkBuilder) Stopping worker threads
[00:37:46] [Render thread/INFO] (Minecraft) Stopping!
